2024-08-01 13:14:56,489 [main] INFO  l.j.t.insurance.InsuranceApplication - Starting InsuranceApplication using Java 18.0.2 on WIN-6V3MTR2VJA7 with PID 18288 (C:\JavaProjects\student_kroshinsky_eugene\out\production\classes started by Eugene in C:\JavaProjects\student_kroshinsky_eugene)
2024-08-01 13:14:56,494 [main] INFO  l.j.t.insurance.InsuranceApplication - No active profile set, falling back to 1 default profile: "default"
2024-08-01 13:14:56,694 [main] WARN  o.s.b.w.s.c.AnnotationConfigServletWebServerApplicationContext - Exception encountered during context initialization - cancelling refresh attempt: org.springframework.beans.factory.BeanDefinitionStoreException: Failed to parse configuration class [lv.javaguru.travel.insurance.InsuranceApplication]; nested exception is org.springframework.context.annotation.ConflictingBeanDefinitionException: Annotation-specified bean name 'bigDecimalSerializer' for bean class [lv.javaguru.travel.insurance.dto.util.PremiumBigDecimalSerializer] conflicts with existing, non-compatible bean definition of same name and class [lv.javaguru.travel.insurance.core.utils.BigDecimalSerializer]
2024-08-01 13:14:56,726 [main] ERROR o.s.boot.SpringApplication - Application run failed
org.springframework.beans.factory.BeanDefinitionStoreException: Failed to parse configuration class [lv.javaguru.travel.insurance.InsuranceApplication]; nested exception is org.springframework.context.annotation.ConflictingBeanDefinitionException: Annotation-specified bean name 'bigDecimalSerializer' for bean class [lv.javaguru.travel.insurance.dto.util.PremiumBigDecimalSerializer] conflicts with existing, non-compatible bean definition of same name and class [lv.javaguru.travel.insurance.core.utils.BigDecimalSerializer]
	at org.springframework.context.annotation.ConfigurationClassParser.parse(ConfigurationClassParser.java:188)
	at org.springframework.context.annotation.ConfigurationClassPostProcessor.processConfigBeanDefinitions(ConfigurationClassPostProcessor.java:331)
	at org.springframework.context.annotation.ConfigurationClassPostProcessor.postProcessBeanDefinitionRegistry(ConfigurationClassPostProcessor.java:247)
	at org.springframework.context.support.PostProcessorRegistrationDelegate.invokeBeanDefinitionRegistryPostProcessors(PostProcessorRegistrationDelegate.java:311)
	at org.springframework.context.support.PostProcessorRegistrationDelegate.invokeBeanFactoryPostProcessors(PostProcessorRegistrationDelegate.java:112)
	at org.springframework.context.support.AbstractApplicationContext.invokeBeanFactoryPostProcessors(AbstractApplicationContext.java:746)
	at org.springframework.context.support.AbstractApplicationContext.refresh(AbstractApplicationContext.java:564)
	at org.springframework.boot.web.servlet.context.ServletWebServerApplicationContext.refresh(ServletWebServerApplicationContext.java:147)
	at org.springframework.boot.SpringApplication.refresh(SpringApplication.java:734)
	at org.springframework.boot.SpringApplication.refreshContext(SpringApplication.java:408)
	at org.springframework.boot.SpringApplication.run(SpringApplication.java:308)
	at org.springframework.boot.SpringApplication.run(SpringApplication.java:1306)
	at org.springframework.boot.SpringApplication.run(SpringApplication.java:1295)
	at lv.javaguru.travel.insurance.InsuranceApplication.main(InsuranceApplication.java:8)
Caused by: org.springframework.context.annotation.ConflictingBeanDefinitionException: Annotation-specified bean name 'bigDecimalSerializer' for bean class [lv.javaguru.travel.insurance.dto.util.PremiumBigDecimalSerializer] conflicts with existing, non-compatible bean definition of same name and class [lv.javaguru.travel.insurance.core.utils.BigDecimalSerializer]
	at org.springframework.context.annotation.ClassPathBeanDefinitionScanner.checkCandidate(ClassPathBeanDefinitionScanner.java:349)
	at org.springframework.context.annotation.ClassPathBeanDefinitionScanner.doScan(ClassPathBeanDefinitionScanner.java:287)
	at org.springframework.context.annotation.ComponentScanAnnotationParser.parse(ComponentScanAnnotationParser.java:128)
	at org.springframework.context.annotation.ConfigurationClassParser.doProcessConfigurationClass(ConfigurationClassParser.java:295)
	at org.springframework.context.annotation.ConfigurationClassParser.processConfigurationClass(ConfigurationClassParser.java:249)
	at org.springframework.context.annotation.ConfigurationClassParser.parse(ConfigurationClassParser.java:206)
	at org.springframework.context.annotation.ConfigurationClassParser.parse(ConfigurationClassParser.java:174)
	... 13 common frames omitted
2024-08-01 13:16:24,323 [main] INFO  l.j.t.insurance.InsuranceApplication - Starting InsuranceApplication using Java 18.0.2 on WIN-6V3MTR2VJA7 with PID 10568 (C:\JavaProjects\student_kroshinsky_eugene\out\production\classes started by Eugene in C:\JavaProjects\student_kroshinsky_eugene)
2024-08-01 13:16:24,323 [main] INFO  l.j.t.insurance.InsuranceApplication - No active profile set, falling back to 1 default profile: "default"
2024-08-01 13:16:24,512 [main] WARN  o.s.b.w.s.c.AnnotationConfigServletWebServerApplicationContext - Exception encountered during context initialization - cancelling refresh attempt: org.springframework.beans.factory.BeanDefinitionStoreException: Failed to parse configuration class [lv.javaguru.travel.insurance.InsuranceApplication]; nested exception is org.springframework.context.annotation.ConflictingBeanDefinitionException: Annotation-specified bean name 'bigDecimalSerializer' for bean class [lv.javaguru.travel.insurance.dto.util.PremiumBigDecimalSerializer] conflicts with existing, non-compatible bean definition of same name and class [lv.javaguru.travel.insurance.core.utils.BigDecimalSerializer]
2024-08-01 13:16:24,544 [main] ERROR o.s.boot.SpringApplication - Application run failed
org.springframework.beans.factory.BeanDefinitionStoreException: Failed to parse configuration class [lv.javaguru.travel.insurance.InsuranceApplication]; nested exception is org.springframework.context.annotation.ConflictingBeanDefinitionException: Annotation-specified bean name 'bigDecimalSerializer' for bean class [lv.javaguru.travel.insurance.dto.util.PremiumBigDecimalSerializer] conflicts with existing, non-compatible bean definition of same name and class [lv.javaguru.travel.insurance.core.utils.BigDecimalSerializer]
	at org.springframework.context.annotation.ConfigurationClassParser.parse(ConfigurationClassParser.java:188)
	at org.springframework.context.annotation.ConfigurationClassPostProcessor.processConfigBeanDefinitions(ConfigurationClassPostProcessor.java:331)
	at org.springframework.context.annotation.ConfigurationClassPostProcessor.postProcessBeanDefinitionRegistry(ConfigurationClassPostProcessor.java:247)
	at org.springframework.context.support.PostProcessorRegistrationDelegate.invokeBeanDefinitionRegistryPostProcessors(PostProcessorRegistrationDelegate.java:311)
	at org.springframework.context.support.PostProcessorRegistrationDelegate.invokeBeanFactoryPostProcessors(PostProcessorRegistrationDelegate.java:112)
	at org.springframework.context.support.AbstractApplicationContext.invokeBeanFactoryPostProcessors(AbstractApplicationContext.java:746)
	at org.springframework.context.support.AbstractApplicationContext.refresh(AbstractApplicationContext.java:564)
	at org.springframework.boot.web.servlet.context.ServletWebServerApplicationContext.refresh(ServletWebServerApplicationContext.java:147)
	at org.springframework.boot.SpringApplication.refresh(SpringApplication.java:734)
	at org.springframework.boot.SpringApplication.refreshContext(SpringApplication.java:408)
	at org.springframework.boot.SpringApplication.run(SpringApplication.java:308)
	at org.springframework.boot.SpringApplication.run(SpringApplication.java:1306)
	at org.springframework.boot.SpringApplication.run(SpringApplication.java:1295)
	at lv.javaguru.travel.insurance.InsuranceApplication.main(InsuranceApplication.java:8)
Caused by: org.springframework.context.annotation.ConflictingBeanDefinitionException: Annotation-specified bean name 'bigDecimalSerializer' for bean class [lv.javaguru.travel.insurance.dto.util.PremiumBigDecimalSerializer] conflicts with existing, non-compatible bean definition of same name and class [lv.javaguru.travel.insurance.core.utils.BigDecimalSerializer]
	at org.springframework.context.annotation.ClassPathBeanDefinitionScanner.checkCandidate(ClassPathBeanDefinitionScanner.java:349)
	at org.springframework.context.annotation.ClassPathBeanDefinitionScanner.doScan(ClassPathBeanDefinitionScanner.java:287)
	at org.springframework.context.annotation.ComponentScanAnnotationParser.parse(ComponentScanAnnotationParser.java:128)
	at org.springframework.context.annotation.ConfigurationClassParser.doProcessConfigurationClass(ConfigurationClassParser.java:295)
	at org.springframework.context.annotation.ConfigurationClassParser.processConfigurationClass(ConfigurationClassParser.java:249)
	at org.springframework.context.annotation.ConfigurationClassParser.parse(ConfigurationClassParser.java:206)
	at org.springframework.context.annotation.ConfigurationClassParser.parse(ConfigurationClassParser.java:174)
	... 13 common frames omitted
2024-08-01 13:17:59,235 [main] INFO  l.j.t.insurance.InsuranceApplication - Starting InsuranceApplication using Java 18.0.2 on WIN-6V3MTR2VJA7 with PID 13480 (C:\JavaProjects\student_kroshinsky_eugene\out\production\classes started by Eugene in C:\JavaProjects\student_kroshinsky_eugene)
2024-08-01 13:17:59,235 [main] INFO  l.j.t.insurance.InsuranceApplication - No active profile set, falling back to 1 default profile: "default"
2024-08-01 13:17:59,797 [main] INFO  o.s.d.r.c.RepositoryConfigurationDelegate - Bootstrapping Spring Data JPA repositories in DEFAULT mode.
2024-08-01 13:17:59,860 [main] INFO  o.s.d.r.c.RepositoryConfigurationDelegate - Finished Spring Data repository scanning in 52 ms. Found 5 JPA repository interfaces.
2024-08-01 13:18:00,415 [main] INFO  o.s.b.w.e.tomcat.TomcatWebServer - Tomcat initialized with port(s): 8080 (http)
2024-08-01 13:18:00,423 [main] INFO  o.a.coyote.http11.Http11NioProtocol - Initializing ProtocolHandler ["http-nio-8080"]
2024-08-01 13:18:00,423 [main] INFO  o.a.catalina.core.StandardService - Starting service [Tomcat]
2024-08-01 13:18:00,423 [main] INFO  o.a.catalina.core.StandardEngine - Starting Servlet engine: [Apache Tomcat/9.0.68]
2024-08-01 13:18:00,486 [main] INFO  o.a.c.c.C.[Tomcat].[localhost].[/] - Initializing Spring embedded WebApplicationContext
2024-08-01 13:18:00,486 [main] INFO  o.s.b.w.s.c.ServletWebServerApplicationContext - Root WebApplicationContext: initialization completed in 1198 ms
2024-08-01 13:18:00,568 [main] INFO  com.zaxxer.hikari.HikariDataSource - HikariPool-1 - Starting...
2024-08-01 13:18:00,718 [main] INFO  com.zaxxer.hikari.HikariDataSource - HikariPool-1 - Start completed.
2024-08-01 13:18:00,978 [main] INFO  liquibase.lockservice - Successfully acquired change log lock
2024-08-01 13:18:01,372 [main] INFO  liquibase.changelog - Reading from PUBLIC.DATABASECHANGELOG
2024-08-01 13:18:01,435 [main] INFO  liquibase.lockservice - Successfully released change log lock
2024-08-01 13:18:01,531 [main] INFO  o.h.jpa.internal.util.LogHelper - HHH000204: Processing PersistenceUnitInfo [name: default]
2024-08-01 13:18:01,612 [main] INFO  org.hibernate.Version - HHH000412: Hibernate ORM core version 5.6.12.Final
2024-08-01 13:18:01,770 [main] INFO  o.h.annotations.common.Version - HCANN000001: Hibernate Commons Annotations {5.1.2.Final}
2024-08-01 13:18:01,849 [main] INFO  org.hibernate.dialect.Dialect - HHH000400: Using dialect: org.hibernate.dialect.H2Dialect
2024-08-01 13:18:02,179 [main] INFO  o.h.e.t.j.p.i.JtaPlatformInitiator - HHH000490: Using JtaPlatform implementation: [org.hibernate.engine.transaction.jta.platform.internal.NoJtaPlatform]
2024-08-01 13:18:02,179 [main] INFO  o.s.o.j.LocalContainerEntityManagerFactoryBean - Initialized JPA EntityManagerFactory for persistence unit 'default'
2024-08-01 13:18:02,686 [main] WARN  o.s.b.a.o.j.JpaBaseConfiguration$JpaWebConfiguration - spring.jpa.open-in-view is enabled by default. Therefore, database queries may be performed during view rendering. Explicitly configure spring.jpa.open-in-view to disable this warning
2024-08-01 13:18:03,002 [main] INFO  o.a.coyote.http11.Http11NioProtocol - Starting ProtocolHandler ["http-nio-8080"]
2024-08-01 13:18:03,018 [main] INFO  o.s.b.w.e.tomcat.TomcatWebServer - Tomcat started on port(s): 8080 (http) with context path ''
2024-08-01 13:18:03,034 [main] INFO  l.j.t.insurance.InsuranceApplication - Started InsuranceApplication in 4.097 seconds (JVM running for 4.498)
2024-08-01 13:23:04,311 [http-nio-8080-exec-1] INFO  o.a.c.c.C.[Tomcat].[localhost].[/] - Initializing Spring DispatcherServlet 'dispatcherServlet'
2024-08-01 13:23:04,311 [http-nio-8080-exec-1] INFO  o.s.web.servlet.DispatcherServlet - Initializing Servlet 'dispatcherServlet'
2024-08-01 13:23:04,311 [http-nio-8080-exec-1] INFO  o.s.web.servlet.DispatcherServlet - Completed initialization in 0 ms
2024-08-01 13:23:37,695 [SpringApplicationShutdownHook] INFO  o.s.o.j.LocalContainerEntityManagerFactoryBean - Closing JPA EntityManagerFactory for persistence unit 'default'
2024-08-01 13:23:37,695 [SpringApplicationShutdownHook] INFO  com.zaxxer.hikari.HikariDataSource - HikariPool-1 - Shutdown initiated...
2024-08-01 13:23:37,695 [SpringApplicationShutdownHook] INFO  com.zaxxer.hikari.HikariDataSource - HikariPool-1 - Shutdown completed.
