2024-03-19 09:11:09,586 [main] INFO  o.s.b.t.c.SpringBootTestContextBootstrapper - Neither @ContextConfiguration nor @ContextHierarchy found for test class [lv.javaguru.travel.insurance.rest.TravelCalculatePremiumControllerTest], using SpringBootContextLoader
2024-03-19 09:11:09,597 [main] INFO  o.s.t.c.s.AbstractContextLoader - Could not detect default resource locations for test class [lv.javaguru.travel.insurance.rest.TravelCalculatePremiumControllerTest]: no resource found for suffixes {-context.xml, Context.groovy}.
2024-03-19 09:11:09,598 [main] INFO  o.s.t.c.s.AnnotationConfigContextLoaderUtils - Could not detect default configuration classes for test class [lv.javaguru.travel.insurance.rest.TravelCalculatePremiumControllerTest]: TravelCalculatePremiumControllerTest does not declare any static, non-private, non-final, nested classes annotated with @Configuration.
2024-03-19 09:11:09,754 [main] INFO  o.s.b.t.c.SpringBootTestContextBootstrapper - Found @SpringBootConfiguration lv.javaguru.travel.insurance.InsuranceApplication for test class lv.javaguru.travel.insurance.rest.TravelCalculatePremiumControllerTest
2024-03-19 09:11:09,867 [main] INFO  o.s.b.t.c.SpringBootTestContextBootstrapper - Loaded default TestExecutionListener class names from location [META-INF/spring.factories]: [org.springframework.boot.test.autoconfigure.restdocs.RestDocsTestExecutionListener, org.springframework.boot.test.autoconfigure.web.client.MockRestServiceServerResetTestExecutionListener, org.springframework.boot.test.autoconfigure.web.servlet.MockMvcPrintOnlyOnFailureTestExecutionListener, org.springframework.boot.test.autoconfigure.web.servlet.WebDriverTestExecutionListener, org.springframework.boot.test.autoconfigure.webservices.client.MockWebServiceServerTestExecutionListener, org.springframework.boot.test.mock.mockito.MockitoTestExecutionListener, org.springframework.boot.test.mock.mockito.ResetMocksTestExecutionListener, org.springframework.test.context.web.ServletTestExecutionListener, org.springframework.test.context.support.DirtiesContextBeforeModesTestExecutionListener, org.springframework.test.context.event.ApplicationEventsTestExecutionListener, org.springframework.test.context.support.DependencyInjectionTestExecutionListener, org.springframework.test.context.support.DirtiesContextTestExecutionListener, org.springframework.test.context.transaction.TransactionalTestExecutionListener, org.springframework.test.context.jdbc.SqlScriptsTestExecutionListener, org.springframework.test.context.event.EventPublishingTestExecutionListener]
2024-03-19 09:11:09,908 [main] INFO  o.s.b.t.c.SpringBootTestContextBootstrapper - Using TestExecutionListeners: [org.springframework.test.context.web.ServletTestExecutionListener@63fdab07, org.springframework.test.context.support.DirtiesContextBeforeModesTestExecutionListener@7b5a12ae, org.springframework.test.context.event.ApplicationEventsTestExecutionListener@5553d0f5, org.springframework.boot.test.mock.mockito.MockitoTestExecutionListener@1af687fe, org.springframework.boot.test.autoconfigure.SpringBootDependencyInjectionTestExecutionListener@14dda234, org.springframework.test.context.support.DirtiesContextTestExecutionListener@3f390d63, org.springframework.test.context.transaction.TransactionalTestExecutionListener@74a6a609, org.springframework.test.context.jdbc.SqlScriptsTestExecutionListener@5a411614, org.springframework.test.context.event.EventPublishingTestExecutionListener@2374d36a, org.springframework.boot.test.autoconfigure.restdocs.RestDocsTestExecutionListener@54d18072, org.springframework.boot.test.autoconfigure.web.client.MockRestServiceServerResetTestExecutionListener@1506f20f, org.springframework.boot.test.autoconfigure.web.servlet.MockMvcPrintOnlyOnFailureTestExecutionListener@47a5b70d, org.springframework.boot.test.autoconfigure.web.servlet.WebDriverTestExecutionListener@424fd310, org.springframework.boot.test.autoconfigure.webservices.client.MockWebServiceServerTestExecutionListener@1a45193b, org.springframework.boot.test.mock.mockito.ResetMocksTestExecutionListener@38f116f6]
2024-03-19 09:11:10,430 [main] INFO  l.j.t.i.r.TravelCalculatePremiumControllerTest - Starting TravelCalculatePremiumControllerTest using Java 18.0.2 on WIN-6V3MTR2VJA7 with PID 8576 (started by Eugene in C:\Java Projects\JavaInternship\bsu-java-internship-2023\student_kroshinsky_eugene)
2024-03-19 09:11:10,432 [main] INFO  l.j.t.i.r.TravelCalculatePremiumControllerTest - No active profile set, falling back to 1 default profile: "default"
2024-03-19 09:11:11,318 [main] INFO  o.s.d.r.c.RepositoryConfigurationDelegate - Bootstrapping Spring Data JPA repositories in DEFAULT mode.
2024-03-19 09:11:11,401 [main] INFO  o.s.d.r.c.RepositoryConfigurationDelegate - Finished Spring Data repository scanning in 73 ms. Found 5 JPA repository interfaces.
2024-03-19 09:11:11,907 [main] INFO  com.zaxxer.hikari.HikariDataSource - HikariPool-1 - Starting...
2024-03-19 09:11:12,098 [main] INFO  com.zaxxer.hikari.HikariDataSource - HikariPool-1 - Start completed.
2024-03-19 09:11:12,342 [main] INFO  o.h.jpa.internal.util.LogHelper - HHH000204: Processing PersistenceUnitInfo [name: default]
2024-03-19 09:11:12,385 [main] INFO  org.hibernate.Version - HHH000412: Hibernate ORM core version 5.6.12.Final
2024-03-19 09:11:12,592 [main] INFO  o.h.annotations.common.Version - HCANN000001: Hibernate Commons Annotations {5.1.2.Final}
2024-03-19 09:11:12,743 [main] INFO  org.hibernate.dialect.Dialect - HHH000400: Using dialect: org.hibernate.dialect.H2Dialect
2024-03-19 09:11:13,441 [main] INFO  o.h.e.t.j.p.i.JtaPlatformInitiator - HHH000490: Using JtaPlatform implementation: [org.hibernate.engine.transaction.jta.platform.internal.NoJtaPlatform]
2024-03-19 09:11:13,448 [main] INFO  o.s.o.j.LocalContainerEntityManagerFactoryBean - Initialized JPA EntityManagerFactory for persistence unit 'default'
2024-03-19 09:11:14,338 [main] WARN  o.s.b.a.o.j.JpaBaseConfiguration$JpaWebConfiguration - spring.jpa.open-in-view is enabled by default. Therefore, database queries may be performed during view rendering. Explicitly configure spring.jpa.open-in-view to disable this warning
2024-03-19 09:11:15,032 [main] INFO  o.s.b.t.m.w.SpringBootMockServletContext - Initializing Spring TestDispatcherServlet ''
2024-03-19 09:11:15,033 [main] INFO  o.s.t.w.s.TestDispatcherServlet - Initializing Servlet ''
2024-03-19 09:11:15,034 [main] INFO  o.s.t.w.s.TestDispatcherServlet - Completed initialization in 1 ms
2024-03-19 09:11:15,053 [main] INFO  l.j.t.i.r.TravelCalculatePremiumControllerTest - Started TravelCalculatePremiumControllerTest in 4.919 seconds (JVM running for 6.577)
2024-03-19 09:11:15,356 [main] INFO  l.j.t.i.r.l.TravelCalculatePremiumRequestLogger - REQUEST: {"personFirstName":"Vasja","personLastName":"","agreementDateFrom":"2024-05-25","agreementDateTo":"2024-05-29","country":"SPAIN","dateOfBirth":"1999-05-29","medicalRiskLimitLevel":"LEVEL_10000","selected_risks":[]}
2024-03-19 09:11:15,366 [main] INFO  l.j.t.i.r.l.TravelCalculatePremiumResponseLogger - RESPONSE: {"errors":[{"errorCode":"ERROR_CODE_6","description":"Field personLastName is empty!"},{"errorCode":"ERROR_CODE_7","description":"Field selectedRisk is empty!"}],"personFirstName":null,"personLastName":null,"agreementDateFrom":null,"agreementDateTo":null,"agreementPremium":null,"country":null,"risks":null,"dateOfBirth":null,"medicalRiskLimitLevel":null}
2024-03-19 09:11:15,367 [main] INFO  l.j.t.i.r.l.TravelCalculatePremiumRequestExecutionTimeLogger - Request processing time (ms): 29
2024-03-19 09:11:15,460 [main] INFO  l.j.t.i.r.l.TravelCalculatePremiumRequestLogger - REQUEST: {"personFirstName":"Vasja","personLastName":null,"agreementDateFrom":"2024-05-25","agreementDateTo":"2024-05-29","country":"SPAIN","dateOfBirth":"1999-05-29","medicalRiskLimitLevel":"LEVEL_10000","selected_risks":["TRAVEL_MEDICAL","TRAVEL_CANCELLATION","TRAVEL_LOSS_BAGGAGE"]}
2024-03-19 09:11:15,536 [main] INFO  l.j.t.i.r.l.TravelCalculatePremiumResponseLogger - RESPONSE: {"errors":[{"errorCode":"ERROR_CODE_6","description":"Field personLastName is empty!"}],"personFirstName":null,"personLastName":null,"agreementDateFrom":null,"agreementDateTo":null,"agreementPremium":null,"country":null,"risks":null,"dateOfBirth":null,"medicalRiskLimitLevel":null}
2024-03-19 09:11:15,536 [main] INFO  l.j.t.i.r.l.TravelCalculatePremiumRequestExecutionTimeLogger - Request processing time (ms): 77
2024-03-19 09:11:15,552 [main] INFO  l.j.t.i.r.l.TravelCalculatePremiumRequestLogger - REQUEST: {"personFirstName":"Vasja","personLastName":"Pupkin","agreementDateFrom":"2024-05-25","agreementDateTo":"2024-05-29","country":"","dateOfBirth":"1999-05-29","medicalRiskLimitLevel":"LEVEL_10000","selected_risks":["TRAVEL_MEDICAL","TRAVEL_CANCELLATION","TRAVEL_LOSS_BAGGAGE"]}
2024-03-19 09:11:15,559 [main] INFO  l.j.t.i.r.l.TravelCalculatePremiumResponseLogger - RESPONSE: {"errors":[{"errorCode":"ERROR_CODE_8","description":"You chose medical risk, field country can't be empty!"}],"personFirstName":null,"personLastName":null,"agreementDateFrom":null,"agreementDateTo":null,"agreementPremium":null,"country":null,"risks":null,"dateOfBirth":null,"medicalRiskLimitLevel":null}
2024-03-19 09:11:15,560 [main] INFO  l.j.t.i.r.l.TravelCalculatePremiumRequestExecutionTimeLogger - Request processing time (ms): 9
2024-03-19 09:11:15,576 [main] INFO  l.j.t.i.r.l.TravelCalculatePremiumRequestLogger - REQUEST: {"personFirstName":"","personLastName":"Pupkin","agreementDateFrom":"2024-05-25","agreementDateTo":"2024-05-29","country":"SPAIN","dateOfBirth":"1999-05-29","medicalRiskLimitLevel":"LEVEL_10000","selected_risks":["TRAVEL_MEDICAL","TRAVEL_CANCELLATION","TRAVEL_LOSS_BAGGAGE"]}
2024-03-19 09:11:15,584 [main] INFO  l.j.t.i.r.l.TravelCalculatePremiumResponseLogger - RESPONSE: {"errors":[{"errorCode":"ERROR_CODE_5","description":"Field personFirstName is empty!"}],"personFirstName":null,"personLastName":null,"agreementDateFrom":null,"agreementDateTo":null,"agreementPremium":null,"country":null,"risks":null,"dateOfBirth":null,"medicalRiskLimitLevel":null}
2024-03-19 09:11:15,584 [main] INFO  l.j.t.i.r.l.TravelCalculatePremiumRequestExecutionTimeLogger - Request processing time (ms): 12
2024-03-19 09:11:15,603 [main] INFO  l.j.t.i.r.l.TravelCalculatePremiumRequestLogger - REQUEST: {"personFirstName":"Vasja","personLastName":"Pupkin","agreementDateFrom":"2024-05-25","agreementDateTo":"2024-05-29","country":"SPAIN","dateOfBirth":null,"medicalRiskLimitLevel":"LEVEL_10000","selected_risks":["TRAVEL_MEDICAL","TRAVEL_CANCELLATION","TRAVEL_LOSS_BAGGAGE"]}
2024-03-19 09:11:15,611 [main] INFO  l.j.t.i.r.l.TravelCalculatePremiumResponseLogger - RESPONSE: {"errors":[{"errorCode":"ERROR_CODE_9","description":"Field dateOfBirth is empty!"}],"personFirstName":null,"personLastName":null,"agreementDateFrom":null,"agreementDateTo":null,"agreementPremium":null,"country":null,"risks":null,"dateOfBirth":null,"medicalRiskLimitLevel":null}
2024-03-19 09:11:15,611 [main] INFO  l.j.t.i.r.l.TravelCalculatePremiumRequestExecutionTimeLogger - Request processing time (ms): 16
2024-03-19 09:11:15,627 [main] INFO  l.j.t.i.r.l.TravelCalculatePremiumRequestLogger - REQUEST: {"personFirstName":"Vasja","personLastName":"Pupkin","agreementDateFrom":"2024-05-25","agreementDateTo":null,"country":"SPAIN","dateOfBirth":"1999-05-29","medicalRiskLimitLevel":"LEVEL_10000","selected_risks":["TRAVEL_MEDICAL","TRAVEL_CANCELLATION","TRAVEL_LOSS_BAGGAGE"]}
2024-03-19 09:11:15,639 [main] INFO  l.j.t.i.r.l.TravelCalculatePremiumResponseLogger - RESPONSE: {"errors":[{"errorCode":"ERROR_CODE_4","description":"Field agreementDateTo is empty!"}],"personFirstName":null,"personLastName":null,"agreementDateFrom":null,"agreementDateTo":null,"agreementPremium":null,"country":null,"risks":null,"dateOfBirth":null,"medicalRiskLimitLevel":null}
2024-03-19 09:11:15,639 [main] INFO  l.j.t.i.r.l.TravelCalculatePremiumRequestExecutionTimeLogger - Request processing time (ms): 13
2024-03-19 09:11:15,661 [main] INFO  l.j.t.i.r.l.TravelCalculatePremiumRequestLogger - REQUEST: {"personFirstName":"Vasja","personLastName":"Pupkin","agreementDateFrom":"2024-05-25","agreementDateTo":"2024-05-29","country":"SPAIN","dateOfBirth":"1999-05-29","medicalRiskLimitLevel":"LIMIT_ERROR","selected_risks":["TRAVEL_MEDICAL","TRAVEL_CANCELLATION","TRAVEL_LOSS_BAGGAGE"]}
2024-03-19 09:11:15,671 [main] INFO  l.j.t.i.r.l.TravelCalculatePremiumResponseLogger - RESPONSE: {"errors":[{"errorCode":"NOT_EXISTING_RISK","description":"LIMIT_ERROR is not supported by system!"}],"personFirstName":null,"personLastName":null,"agreementDateFrom":null,"agreementDateTo":null,"agreementPremium":null,"country":null,"risks":null,"dateOfBirth":null,"medicalRiskLimitLevel":null}
2024-03-19 09:11:15,671 [main] INFO  l.j.t.i.r.l.TravelCalculatePremiumRequestExecutionTimeLogger - Request processing time (ms): 11
2024-03-19 09:11:15,687 [main] INFO  l.j.t.i.r.l.TravelCalculatePremiumRequestLogger - REQUEST: {"personFirstName":"Vasja","personLastName":"Pupkin","agreementDateFrom":null,"agreementDateTo":"2024-05-29","country":"SPAIN","dateOfBirth":"1999-05-29","medicalRiskLimitLevel":"LEVEL_10000","selected_risks":["TRAVEL_MEDICAL","TRAVEL_CANCELLATION","TRAVEL_LOSS_BAGGAGE"]}
2024-03-19 09:11:15,695 [main] INFO  l.j.t.i.r.l.TravelCalculatePremiumResponseLogger - RESPONSE: {"errors":[{"errorCode":"ERROR_CODE_3","description":"Field agreementDateFrom is empty!"}],"personFirstName":null,"personLastName":null,"agreementDateFrom":null,"agreementDateTo":null,"agreementPremium":null,"country":null,"risks":null,"dateOfBirth":null,"medicalRiskLimitLevel":null}
2024-03-19 09:11:15,696 [main] INFO  l.j.t.i.r.l.TravelCalculatePremiumRequestExecutionTimeLogger - Request processing time (ms): 10
2024-03-19 09:11:15,716 [main] INFO  l.j.t.i.r.l.TravelCalculatePremiumRequestLogger - REQUEST: {"personFirstName":null,"personLastName":"Pupkin","agreementDateFrom":"2024-05-25","agreementDateTo":"2024-05-29","country":"SPAIN","dateOfBirth":"1999-05-29","medicalRiskLimitLevel":"LEVEL_10000","selected_risks":["TRAVEL_MEDICAL","TRAVEL_CANCELLATION","TRAVEL_LOSS_BAGGAGE"]}
2024-03-19 09:11:15,733 [main] INFO  l.j.t.i.r.l.TravelCalculatePremiumResponseLogger - RESPONSE: {"errors":[{"errorCode":"ERROR_CODE_5","description":"Field personFirstName is empty!"}],"personFirstName":null,"personLastName":null,"agreementDateFrom":null,"agreementDateTo":null,"agreementPremium":null,"country":null,"risks":null,"dateOfBirth":null,"medicalRiskLimitLevel":null}
2024-03-19 09:11:15,733 [main] INFO  l.j.t.i.r.l.TravelCalculatePremiumRequestExecutionTimeLogger - Request processing time (ms): 24
2024-03-19 09:11:15,750 [main] INFO  l.j.t.i.r.l.TravelCalculatePremiumRequestLogger - REQUEST: {"personFirstName":"Vasja","personLastName":"Pupkin","agreementDateFrom":"2024-05-25","agreementDateTo":"2024-05-20","country":"SPAIN","dateOfBirth":"1999-05-29","medicalRiskLimitLevel":"LEVEL_10000","selected_risks":["TRAVEL_MEDICAL","TRAVEL_CANCELLATION","TRAVEL_LOSS_BAGGAGE"]}
2024-03-19 09:11:15,759 [main] INFO  l.j.t.i.r.l.TravelCalculatePremiumResponseLogger - RESPONSE: {"errors":[{"errorCode":"ERROR_CODE_1","description":"DateTo must be greater than DateFrom!"}],"personFirstName":null,"personLastName":null,"agreementDateFrom":null,"agreementDateTo":null,"agreementPremium":null,"country":null,"risks":null,"dateOfBirth":null,"medicalRiskLimitLevel":null}
2024-03-19 09:11:15,759 [main] INFO  l.j.t.i.r.l.TravelCalculatePremiumRequestExecutionTimeLogger - Request processing time (ms): 14
2024-03-19 09:11:15,771 [main] INFO  l.j.t.i.r.l.TravelCalculatePremiumRequestLogger - REQUEST: {"personFirstName":"Vasja","personLastName":"Pupkin","agreementDateFrom":"2024-05-25","agreementDateTo":"2024-05-29","country":"SPAIN","dateOfBirth":"2024-05-25","medicalRiskLimitLevel":"LEVEL_10000","selected_risks":["TRAVEL_MEDICAL","TRAVEL_CANCELLATION","TRAVEL_LOSS_BAGGAGE"]}
2024-03-19 09:11:15,778 [main] INFO  l.j.t.i.r.l.TravelCalculatePremiumResponseLogger - RESPONSE: {"errors":[{"errorCode":"ERROR_CODE_10","description":"Field dateOfBirth from future!"}],"personFirstName":null,"personLastName":null,"agreementDateFrom":null,"agreementDateTo":null,"agreementPremium":null,"country":null,"risks":null,"dateOfBirth":null,"medicalRiskLimitLevel":null}
2024-03-19 09:11:15,779 [main] INFO  l.j.t.i.r.l.TravelCalculatePremiumRequestExecutionTimeLogger - Request processing time (ms): 9
2024-03-19 09:11:15,817 [main] INFO  l.j.t.i.r.l.TravelCalculatePremiumRequestLogger - REQUEST: {"personFirstName":"Vasja","personLastName":"Pupkin","agreementDateFrom":"2024-05-25","agreementDateTo":"2024-05-29","country":"SPAIN","dateOfBirth":"1999-05-29","medicalRiskLimitLevel":"LEVEL_10000","selected_risks":["TRAVEL_MEDICAL","TRAVEL_CANCELLATION","TRAVEL_LOSS_BAGGAGE"]}
2024-03-19 09:11:15,868 [main] INFO  l.j.t.i.r.l.TravelCalculatePremiumResponseLogger - RESPONSE: {"errors":null,"personFirstName":"Vasja","personLastName":"Pupkin","agreementDateFrom":"2024-05-25","agreementDateTo":"2024-05-29","agreementPremium":18.00,"country":"SPAIN","risks":[{"riskIc":"TRAVEL_CANCELLATION","premium":1.00},{"riskIc":"TRAVEL_LOSS_BAGGAGE","premium":6.00},{"riskIc":"TRAVEL_MEDICAL","premium":11.00}],"dateOfBirth":"1999-05-29","medicalRiskLimitLevel":"LEVEL_10000"}
2024-03-19 09:11:15,868 [main] INFO  l.j.t.i.r.l.TravelCalculatePremiumRequestExecutionTimeLogger - Request processing time (ms): 53
2024-03-19 09:11:15,884 [main] INFO  l.j.t.i.r.l.TravelCalculatePremiumRequestLogger - REQUEST: {"personFirstName":"Vasja","personLastName":"","agreementDateFrom":"2024-05-25","agreementDateTo":"2024-05-29","country":"SPAIN","dateOfBirth":"1999-05-29","medicalRiskLimitLevel":"LEVEL_10000","selected_risks":["TRAVEL_MEDICAL","TRAVEL_CANCELLATION","TRAVEL_LOSS_BAGGAGE"]}
2024-03-19 09:11:15,895 [main] INFO  l.j.t.i.r.l.TravelCalculatePremiumResponseLogger - RESPONSE: {"errors":[{"errorCode":"ERROR_CODE_6","description":"Field personLastName is empty!"}],"personFirstName":null,"personLastName":null,"agreementDateFrom":null,"agreementDateTo":null,"agreementPremium":null,"country":null,"risks":null,"dateOfBirth":null,"medicalRiskLimitLevel":null}
2024-03-19 09:11:15,896 [main] INFO  l.j.t.i.r.l.TravelCalculatePremiumRequestExecutionTimeLogger - Request processing time (ms): 12
2024-03-19 09:11:15,906 [SpringApplicationShutdownHook] INFO  o.s.o.j.LocalContainerEntityManagerFactoryBean - Closing JPA EntityManagerFactory for persistence unit 'default'
2024-03-19 09:11:15,909 [SpringApplicationShutdownHook] INFO  com.zaxxer.hikari.HikariDataSource - HikariPool-1 - Shutdown initiated...
2024-03-19 09:11:15,911 [SpringApplicationShutdownHook] INFO  com.zaxxer.hikari.HikariDataSource - HikariPool-1 - Shutdown completed.
