2023-11-25 19:15:12,650 [Test worker] INFO  o.s.b.t.c.SpringBootTestContextBootstrapper - Neither @ContextConfiguration nor @ContextHierarchy found for test class [lv.javaguru.travel.insurance.rest.TravelCalculatePremiumControllerTest], using SpringBootContextLoader
2023-11-25 19:15:12,654 [Test worker] INFO  o.s.t.c.s.AbstractContextLoader - Could not detect default resource locations for test class [lv.javaguru.travel.insurance.rest.TravelCalculatePremiumControllerTest]: no resource found for suffixes {-context.xml, Context.groovy}.
2023-11-25 19:15:12,654 [Test worker] INFO  o.s.t.c.s.AnnotationConfigContextLoaderUtils - Could not detect default configuration classes for test class [lv.javaguru.travel.insurance.rest.TravelCalculatePremiumControllerTest]: TravelCalculatePremiumControllerTest does not declare any static, non-private, non-final, nested classes annotated with @Configuration.
2023-11-25 19:15:12,746 [Test worker] INFO  o.s.b.t.c.SpringBootTestContextBootstrapper - Found @SpringBootConfiguration lv.javaguru.travel.insurance.InsuranceApplication for test class lv.javaguru.travel.insurance.rest.TravelCalculatePremiumControllerTest
2023-11-25 19:15:12,821 [Test worker] INFO  o.s.b.t.c.SpringBootTestContextBootstrapper - Loaded default TestExecutionListener class names from location [META-INF/spring.factories]: [org.springframework.boot.test.autoconfigure.restdocs.RestDocsTestExecutionListener, org.springframework.boot.test.autoconfigure.web.client.MockRestServiceServerResetTestExecutionListener, org.springframework.boot.test.autoconfigure.web.servlet.MockMvcPrintOnlyOnFailureTestExecutionListener, org.springframework.boot.test.autoconfigure.web.servlet.WebDriverTestExecutionListener, org.springframework.boot.test.autoconfigure.webservices.client.MockWebServiceServerTestExecutionListener, org.springframework.boot.test.mock.mockito.MockitoTestExecutionListener, org.springframework.boot.test.mock.mockito.ResetMocksTestExecutionListener, org.springframework.test.context.web.ServletTestExecutionListener, org.springframework.test.context.support.DirtiesContextBeforeModesTestExecutionListener, org.springframework.test.context.event.ApplicationEventsTestExecutionListener, org.springframework.test.context.support.DependencyInjectionTestExecutionListener, org.springframework.test.context.support.DirtiesContextTestExecutionListener, org.springframework.test.context.transaction.TransactionalTestExecutionListener, org.springframework.test.context.jdbc.SqlScriptsTestExecutionListener, org.springframework.test.context.event.EventPublishingTestExecutionListener]
2023-11-25 19:15:12,829 [Test worker] INFO  o.s.b.t.c.SpringBootTestContextBootstrapper - Using TestExecutionListeners: [org.springframework.test.context.web.ServletTestExecutionListener@ae2db25, org.springframework.test.context.support.DirtiesContextBeforeModesTestExecutionListener@363c4251, org.springframework.test.context.event.ApplicationEventsTestExecutionListener@7afc4db9, org.springframework.boot.test.mock.mockito.MockitoTestExecutionListener@1a1f5f71, org.springframework.boot.test.autoconfigure.SpringBootDependencyInjectionTestExecutionListener@63884e4, org.springframework.test.context.support.DirtiesContextTestExecutionListener@524270b8, org.springframework.test.context.event.EventPublishingTestExecutionListener@4acb7ecc, org.springframework.boot.test.autoconfigure.restdocs.RestDocsTestExecutionListener@2a4f5433, org.springframework.boot.test.autoconfigure.web.client.MockRestServiceServerResetTestExecutionListener@6812fa3a, org.springframework.boot.test.autoconfigure.web.servlet.MockMvcPrintOnlyOnFailureTestExecutionListener@29149030, org.springframework.boot.test.autoconfigure.web.servlet.WebDriverTestExecutionListener@38b8b6c0, org.springframework.boot.test.autoconfigure.webservices.client.MockWebServiceServerTestExecutionListener@68868328, org.springframework.boot.test.mock.mockito.ResetMocksTestExecutionListener@173a6728]
2023-11-25 19:15:13,093 [Test worker] INFO  l.j.t.i.r.TravelCalculatePremiumControllerTest - Starting TravelCalculatePremiumControllerTest using Java 18.0.2 on WIN-6V3MTR2VJA7 with PID 19744 (started by Eugene in C:\Java Projects\JavaInternship\bsu-java-internship-2023\student_kroshinsky_eugene)
2023-11-25 19:15:13,093 [Test worker] INFO  l.j.t.i.r.TravelCalculatePremiumControllerTest - No active profile set, falling back to 1 default profile: "default"
2023-11-25 19:15:14,175 [Test worker] INFO  o.s.b.t.m.w.SpringBootMockServletContext - Initializing Spring TestDispatcherServlet ''
2023-11-25 19:15:14,176 [Test worker] INFO  o.s.t.w.s.TestDispatcherServlet - Initializing Servlet ''
2023-11-25 19:15:14,179 [Test worker] INFO  o.s.t.w.s.TestDispatcherServlet - Completed initialization in 1 ms
2023-11-25 19:15:14,199 [Test worker] INFO  l.j.t.i.r.TravelCalculatePremiumControllerTest - Started TravelCalculatePremiumControllerTest in 1.252 seconds (JVM running for 2.694)
2023-11-25 19:15:14,295 [Test worker] INFO  l.j.t.i.r.l.TravelCalculatePremiumRequestLogger - REQUEST: {"personFirstName":"Vasja","personLastName":null,"agreementDateFrom":"2024-05-25","agreementDateTo":"2024-05-29"}
2023-11-25 19:15:14,304 [Test worker] INFO  l.j.t.i.r.l.TravelCalculatePremiumResponseLogger - RESPONSE: {"errors":[{"field":"personLastName","message":"Must not be empty!"}],"personFirstName":null,"personLastName":null,"agreementDateFrom":null,"agreementDateTo":null,"agreementPrice":null}
2023-11-25 19:15:14,305 [Test worker] INFO  l.j.t.i.r.l.TravelCalculatePremiumRequestExecutionTimeLogger - Request processing time (ms): 22
2023-11-25 19:15:14,327 [Test worker] INFO  l.j.t.i.r.l.TravelCalculatePremiumRequestLogger - REQUEST: {"personFirstName":"","personLastName":"Pupkin","agreementDateFrom":"2024-05-25","agreementDateTo":"2024-05-29"}
2023-11-25 19:15:14,328 [Test worker] INFO  l.j.t.i.r.l.TravelCalculatePremiumResponseLogger - RESPONSE: {"errors":[{"field":"personFirstName","message":"Must not be empty!"}],"personFirstName":null,"personLastName":null,"agreementDateFrom":null,"agreementDateTo":null,"agreementPrice":null}
2023-11-25 19:15:14,328 [Test worker] INFO  l.j.t.i.r.l.TravelCalculatePremiumRequestExecutionTimeLogger - Request processing time (ms): 2
2023-11-25 19:15:14,337 [Test worker] INFO  l.j.t.i.r.l.TravelCalculatePremiumRequestLogger - REQUEST: {"personFirstName":"Vasja","personLastName":"Pupkin","agreementDateFrom":"2024-05-25","agreementDateTo":null}
2023-11-25 19:15:14,339 [Test worker] INFO  l.j.t.i.r.l.TravelCalculatePremiumResponseLogger - RESPONSE: {"errors":[{"field":"agreementDateTo","message":"Must not be empty!"}],"personFirstName":null,"personLastName":null,"agreementDateFrom":null,"agreementDateTo":null,"agreementPrice":null}
2023-11-25 19:15:14,339 [Test worker] INFO  l.j.t.i.r.l.TravelCalculatePremiumRequestExecutionTimeLogger - Request processing time (ms): 3
2023-11-25 19:15:14,346 [Test worker] INFO  l.j.t.i.r.l.TravelCalculatePremiumRequestLogger - REQUEST: {"personFirstName":"Vasja","personLastName":"Pupkin","agreementDateFrom":null,"agreementDateTo":"2024-05-29"}
2023-11-25 19:15:14,348 [Test worker] INFO  l.j.t.i.r.l.TravelCalculatePremiumResponseLogger - RESPONSE: {"errors":[{"field":"agreementDateFrom","message":"Must not be empty!"}],"personFirstName":null,"personLastName":null,"agreementDateFrom":null,"agreementDateTo":null,"agreementPrice":null}
2023-11-25 19:15:14,348 [Test worker] INFO  l.j.t.i.r.l.TravelCalculatePremiumRequestExecutionTimeLogger - Request processing time (ms): 4
2023-11-25 19:15:14,356 [Test worker] INFO  l.j.t.i.r.l.TravelCalculatePremiumRequestLogger - REQUEST: {"personFirstName":null,"personLastName":"Pupkin","agreementDateFrom":"2024-05-25","agreementDateTo":"2024-05-29"}
2023-11-25 19:15:14,357 [Test worker] INFO  l.j.t.i.r.l.TravelCalculatePremiumResponseLogger - RESPONSE: {"errors":[{"field":"personFirstName","message":"Must not be empty!"}],"personFirstName":null,"personLastName":null,"agreementDateFrom":null,"agreementDateTo":null,"agreementPrice":null}
2023-11-25 19:15:14,357 [Test worker] INFO  l.j.t.i.r.l.TravelCalculatePremiumRequestExecutionTimeLogger - Request processing time (ms): 3
2023-11-25 19:15:14,364 [Test worker] INFO  l.j.t.i.r.l.TravelCalculatePremiumRequestLogger - REQUEST: {"personFirstName":"Vasja","personLastName":"Pupkin","agreementDateFrom":"2024-05-25","agreementDateTo":"2024-05-20"}
2023-11-25 19:15:14,367 [Test worker] INFO  l.j.t.i.r.l.TravelCalculatePremiumResponseLogger - RESPONSE: {"errors":[{"field":"agreementDateDifference","message":"DateTo must be greater than DateFrom"}],"personFirstName":null,"personLastName":null,"agreementDateFrom":null,"agreementDateTo":null,"agreementPrice":null}
2023-11-25 19:15:14,367 [Test worker] INFO  l.j.t.i.r.l.TravelCalculatePremiumRequestExecutionTimeLogger - Request processing time (ms): 2
2023-11-25 19:15:14,373 [Test worker] INFO  l.j.t.i.r.l.TravelCalculatePremiumRequestLogger - REQUEST: {"personFirstName":"Vasja","personLastName":"Pupkin","agreementDateFrom":"2024-05-25","agreementDateTo":"2024-05-29"}
2023-11-25 19:15:14,377 [Test worker] INFO  l.j.t.i.r.l.TravelCalculatePremiumResponseLogger - RESPONSE: {"errors":null,"personFirstName":"Vasja","personLastName":"Pupkin","agreementDateFrom":"2024-05-25","agreementDateTo":"2024-05-29","agreementPrice":4}
2023-11-25 19:15:14,377 [Test worker] INFO  l.j.t.i.r.l.TravelCalculatePremiumRequestExecutionTimeLogger - Request processing time (ms): 5
2023-11-25 19:15:14,385 [Test worker] INFO  l.j.t.i.r.l.TravelCalculatePremiumRequestLogger - REQUEST: {"personFirstName":"Vasja","personLastName":"","agreementDateFrom":"2024-05-25","agreementDateTo":"2024-05-29"}
2023-11-25 19:15:14,386 [Test worker] INFO  l.j.t.i.r.l.TravelCalculatePremiumResponseLogger - RESPONSE: {"errors":[{"field":"personLastName","message":"Must not be empty!"}],"personFirstName":null,"personLastName":null,"agreementDateFrom":null,"agreementDateTo":null,"agreementPrice":null}
2023-11-25 19:15:14,386 [Test worker] INFO  l.j.t.i.r.l.TravelCalculatePremiumRequestExecutionTimeLogger - Request processing time (ms): 2
2023-11-25 19:16:31,477 [Test worker] INFO  o.s.b.t.c.SpringBootTestContextBootstrapper - Neither @ContextConfiguration nor @ContextHierarchy found for test class [lv.javaguru.travel.insurance.rest.TravelCalculatePremiumControllerTest], using SpringBootContextLoader
2023-11-25 19:16:31,481 [Test worker] INFO  o.s.t.c.s.AbstractContextLoader - Could not detect default resource locations for test class [lv.javaguru.travel.insurance.rest.TravelCalculatePremiumControllerTest]: no resource found for suffixes {-context.xml, Context.groovy}.
2023-11-25 19:16:31,481 [Test worker] INFO  o.s.t.c.s.AnnotationConfigContextLoaderUtils - Could not detect default configuration classes for test class [lv.javaguru.travel.insurance.rest.TravelCalculatePremiumControllerTest]: TravelCalculatePremiumControllerTest does not declare any static, non-private, non-final, nested classes annotated with @Configuration.
2023-11-25 19:16:31,560 [Test worker] INFO  o.s.b.t.c.SpringBootTestContextBootstrapper - Found @SpringBootConfiguration lv.javaguru.travel.insurance.InsuranceApplication for test class lv.javaguru.travel.insurance.rest.TravelCalculatePremiumControllerTest
2023-11-25 19:16:31,641 [Test worker] INFO  o.s.b.t.c.SpringBootTestContextBootstrapper - Loaded default TestExecutionListener class names from location [META-INF/spring.factories]: [org.springframework.boot.test.autoconfigure.restdocs.RestDocsTestExecutionListener, org.springframework.boot.test.autoconfigure.web.client.MockRestServiceServerResetTestExecutionListener, org.springframework.boot.test.autoconfigure.web.servlet.MockMvcPrintOnlyOnFailureTestExecutionListener, org.springframework.boot.test.autoconfigure.web.servlet.WebDriverTestExecutionListener, org.springframework.boot.test.autoconfigure.webservices.client.MockWebServiceServerTestExecutionListener, org.springframework.boot.test.mock.mockito.MockitoTestExecutionListener, org.springframework.boot.test.mock.mockito.ResetMocksTestExecutionListener, org.springframework.test.context.web.ServletTestExecutionListener, org.springframework.test.context.support.DirtiesContextBeforeModesTestExecutionListener, org.springframework.test.context.event.ApplicationEventsTestExecutionListener, org.springframework.test.context.support.DependencyInjectionTestExecutionListener, org.springframework.test.context.support.DirtiesContextTestExecutionListener, org.springframework.test.context.transaction.TransactionalTestExecutionListener, org.springframework.test.context.jdbc.SqlScriptsTestExecutionListener, org.springframework.test.context.event.EventPublishingTestExecutionListener]
2023-11-25 19:16:31,650 [Test worker] INFO  o.s.b.t.c.SpringBootTestContextBootstrapper - Using TestExecutionListeners: [org.springframework.test.context.web.ServletTestExecutionListener@ae2db25, org.springframework.test.context.support.DirtiesContextBeforeModesTestExecutionListener@363c4251, org.springframework.test.context.event.ApplicationEventsTestExecutionListener@7afc4db9, org.springframework.boot.test.mock.mockito.MockitoTestExecutionListener@1a1f5f71, org.springframework.boot.test.autoconfigure.SpringBootDependencyInjectionTestExecutionListener@63884e4, org.springframework.test.context.support.DirtiesContextTestExecutionListener@524270b8, org.springframework.test.context.event.EventPublishingTestExecutionListener@4acb7ecc, org.springframework.boot.test.autoconfigure.restdocs.RestDocsTestExecutionListener@2a4f5433, org.springframework.boot.test.autoconfigure.web.client.MockRestServiceServerResetTestExecutionListener@6812fa3a, org.springframework.boot.test.autoconfigure.web.servlet.MockMvcPrintOnlyOnFailureTestExecutionListener@29149030, org.springframework.boot.test.autoconfigure.web.servlet.WebDriverTestExecutionListener@38b8b6c0, org.springframework.boot.test.autoconfigure.webservices.client.MockWebServiceServerTestExecutionListener@68868328, org.springframework.boot.test.mock.mockito.ResetMocksTestExecutionListener@173a6728]
2023-11-25 19:16:31,921 [Test worker] INFO  l.j.t.i.r.TravelCalculatePremiumControllerTest - Starting TravelCalculatePremiumControllerTest using Java 18.0.2 on WIN-6V3MTR2VJA7 with PID 15924 (started by Eugene in C:\Java Projects\JavaInternship\bsu-java-internship-2023\student_kroshinsky_eugene)
2023-11-25 19:16:31,922 [Test worker] INFO  l.j.t.i.r.TravelCalculatePremiumControllerTest - No active profile set, falling back to 1 default profile: "default"
2023-11-25 19:16:32,964 [Test worker] INFO  o.s.b.t.m.w.SpringBootMockServletContext - Initializing Spring TestDispatcherServlet ''
2023-11-25 19:16:32,964 [Test worker] INFO  o.s.t.w.s.TestDispatcherServlet - Initializing Servlet ''
2023-11-25 19:16:32,965 [Test worker] INFO  o.s.t.w.s.TestDispatcherServlet - Completed initialization in 0 ms
2023-11-25 19:16:32,983 [Test worker] INFO  l.j.t.i.r.TravelCalculatePremiumControllerTest - Started TravelCalculatePremiumControllerTest in 1.214 seconds (JVM running for 2.683)
2023-11-25 19:16:33,080 [Test worker] INFO  l.j.t.i.r.l.TravelCalculatePremiumRequestLogger - REQUEST: {"personFirstName":"Vasja","personLastName":null,"agreementDateFrom":"2024-05-25","agreementDateTo":"2024-05-29"}
2023-11-25 19:16:33,084 [Test worker] INFO  l.j.t.i.r.l.TravelCalculatePremiumResponseLogger - RESPONSE: {"errors":[{"field":"personLastName","message":"Must not be empty!"}],"personFirstName":null,"personLastName":null,"agreementDateFrom":null,"agreementDateTo":null,"agreementPrice":null}
2023-11-25 19:16:33,085 [Test worker] INFO  l.j.t.i.r.l.TravelCalculatePremiumRequestExecutionTimeLogger - Request processing time (ms): 17
2023-11-25 19:16:33,111 [Test worker] INFO  l.j.t.i.r.l.TravelCalculatePremiumRequestLogger - REQUEST: {"personFirstName":"","personLastName":"Pupkin","agreementDateFrom":"2024-05-25","agreementDateTo":"2024-05-29"}
2023-11-25 19:16:33,120 [Test worker] INFO  l.j.t.i.r.l.TravelCalculatePremiumResponseLogger - RESPONSE: {"errors":[{"field":"personFirstName","message":"Must not be empty!"}],"personFirstName":null,"personLastName":null,"agreementDateFrom":null,"agreementDateTo":null,"agreementPrice":null}
2023-11-25 19:16:33,120 [Test worker] INFO  l.j.t.i.r.l.TravelCalculatePremiumRequestExecutionTimeLogger - Request processing time (ms): 12
2023-11-25 19:16:33,127 [Test worker] INFO  l.j.t.i.r.l.TravelCalculatePremiumRequestLogger - REQUEST: {"personFirstName":"Vasja","personLastName":"Pupkin","agreementDateFrom":"2024-05-25","agreementDateTo":null}
2023-11-25 19:16:33,128 [Test worker] INFO  l.j.t.i.r.l.TravelCalculatePremiumResponseLogger - RESPONSE: {"errors":[{"field":"agreementDateTo","message":"Must not be empty!"}],"personFirstName":null,"personLastName":null,"agreementDateFrom":null,"agreementDateTo":null,"agreementPrice":null}
2023-11-25 19:16:33,128 [Test worker] INFO  l.j.t.i.r.l.TravelCalculatePremiumRequestExecutionTimeLogger - Request processing time (ms): 2
2023-11-25 19:16:33,134 [Test worker] INFO  l.j.t.i.r.l.TravelCalculatePremiumRequestLogger - REQUEST: {"personFirstName":"Vasja","personLastName":"Pupkin","agreementDateFrom":null,"agreementDateTo":"2024-05-29"}
2023-11-25 19:16:33,136 [Test worker] INFO  l.j.t.i.r.l.TravelCalculatePremiumResponseLogger - RESPONSE: {"errors":[{"field":"agreementDateFrom","message":"Must not be empty!"}],"personFirstName":null,"personLastName":null,"agreementDateFrom":null,"agreementDateTo":null,"agreementPrice":null}
2023-11-25 19:16:33,137 [Test worker] INFO  l.j.t.i.r.l.TravelCalculatePremiumRequestExecutionTimeLogger - Request processing time (ms): 4
2023-11-25 19:16:33,146 [Test worker] INFO  l.j.t.i.r.l.TravelCalculatePremiumRequestLogger - REQUEST: {"personFirstName":null,"personLastName":"Pupkin","agreementDateFrom":"2024-05-25","agreementDateTo":"2024-05-29"}
2023-11-25 19:16:33,147 [Test worker] INFO  l.j.t.i.r.l.TravelCalculatePremiumResponseLogger - RESPONSE: {"errors":[{"field":"personFirstName","message":"Must not be empty!"}],"personFirstName":null,"personLastName":null,"agreementDateFrom":null,"agreementDateTo":null,"agreementPrice":null}
2023-11-25 19:16:33,147 [Test worker] INFO  l.j.t.i.r.l.TravelCalculatePremiumRequestExecutionTimeLogger - Request processing time (ms): 3
2023-11-25 19:16:33,154 [Test worker] INFO  l.j.t.i.r.l.TravelCalculatePremiumRequestLogger - REQUEST: {"personFirstName":"Vasja","personLastName":"Pupkin","agreementDateFrom":"2024-05-25","agreementDateTo":"2024-05-20"}
2023-11-25 19:16:33,155 [Test worker] INFO  l.j.t.i.r.l.TravelCalculatePremiumResponseLogger - RESPONSE: {"errors":[{"field":"agreementDateDifference","message":"DateTo must be greater than DateFrom"}],"personFirstName":null,"personLastName":null,"agreementDateFrom":null,"agreementDateTo":null,"agreementPrice":null}
2023-11-25 19:16:33,155 [Test worker] INFO  l.j.t.i.r.l.TravelCalculatePremiumRequestExecutionTimeLogger - Request processing time (ms): 2
2023-11-25 19:16:33,161 [Test worker] INFO  l.j.t.i.r.l.TravelCalculatePremiumRequestLogger - REQUEST: {"personFirstName":"Vasja","personLastName":"Pupkin","agreementDateFrom":"2024-05-25","agreementDateTo":"2024-05-29"}
2023-11-25 19:16:33,164 [Test worker] INFO  l.j.t.i.r.l.TravelCalculatePremiumResponseLogger - RESPONSE: {"errors":null,"personFirstName":"Vasja","personLastName":"Pupkin","agreementDateFrom":"2024-05-25","agreementDateTo":"2024-05-29","agreementPrice":4}
2023-11-25 19:16:33,166 [Test worker] INFO  l.j.t.i.r.l.TravelCalculatePremiumRequestExecutionTimeLogger - Request processing time (ms): 5
2023-11-25 19:16:33,173 [Test worker] INFO  l.j.t.i.r.l.TravelCalculatePremiumRequestLogger - REQUEST: {"personFirstName":"Vasja","personLastName":"","agreementDateFrom":"2024-05-25","agreementDateTo":"2024-05-29"}
2023-11-25 19:16:33,174 [Test worker] INFO  l.j.t.i.r.l.TravelCalculatePremiumResponseLogger - RESPONSE: {"errors":[{"field":"personLastName","message":"Must not be empty!"}],"personFirstName":null,"personLastName":null,"agreementDateFrom":null,"agreementDateTo":null,"agreementPrice":null}
2023-11-25 19:16:33,175 [Test worker] INFO  l.j.t.i.r.l.TravelCalculatePremiumRequestExecutionTimeLogger - Request processing time (ms): 2
2023-11-25 19:22:15,776 [Test worker] INFO  o.s.b.t.c.SpringBootTestContextBootstrapper - Neither @ContextConfiguration nor @ContextHierarchy found for test class [lv.javaguru.travel.insurance.rest.TravelCalculatePremiumControllerTest], using SpringBootContextLoader
2023-11-25 19:22:15,782 [Test worker] INFO  o.s.t.c.s.AbstractContextLoader - Could not detect default resource locations for test class [lv.javaguru.travel.insurance.rest.TravelCalculatePremiumControllerTest]: no resource found for suffixes {-context.xml, Context.groovy}.
2023-11-25 19:22:15,783 [Test worker] INFO  o.s.t.c.s.AnnotationConfigContextLoaderUtils - Could not detect default configuration classes for test class [lv.javaguru.travel.insurance.rest.TravelCalculatePremiumControllerTest]: TravelCalculatePremiumControllerTest does not declare any static, non-private, non-final, nested classes annotated with @Configuration.
2023-11-25 19:22:15,870 [Test worker] INFO  o.s.b.t.c.SpringBootTestContextBootstrapper - Found @SpringBootConfiguration lv.javaguru.travel.insurance.InsuranceApplication for test class lv.javaguru.travel.insurance.rest.TravelCalculatePremiumControllerTest
2023-11-25 19:22:15,953 [Test worker] INFO  o.s.b.t.c.SpringBootTestContextBootstrapper - Loaded default TestExecutionListener class names from location [META-INF/spring.factories]: [org.springframework.boot.test.autoconfigure.restdocs.RestDocsTestExecutionListener, org.springframework.boot.test.autoconfigure.web.client.MockRestServiceServerResetTestExecutionListener, org.springframework.boot.test.autoconfigure.web.servlet.MockMvcPrintOnlyOnFailureTestExecutionListener, org.springframework.boot.test.autoconfigure.web.servlet.WebDriverTestExecutionListener, org.springframework.boot.test.autoconfigure.webservices.client.MockWebServiceServerTestExecutionListener, org.springframework.boot.test.mock.mockito.MockitoTestExecutionListener, org.springframework.boot.test.mock.mockito.ResetMocksTestExecutionListener, org.springframework.test.context.web.ServletTestExecutionListener, org.springframework.test.context.support.DirtiesContextBeforeModesTestExecutionListener, org.springframework.test.context.event.ApplicationEventsTestExecutionListener, org.springframework.test.context.support.DependencyInjectionTestExecutionListener, org.springframework.test.context.support.DirtiesContextTestExecutionListener, org.springframework.test.context.transaction.TransactionalTestExecutionListener, org.springframework.test.context.jdbc.SqlScriptsTestExecutionListener, org.springframework.test.context.event.EventPublishingTestExecutionListener]
2023-11-25 19:22:15,962 [Test worker] INFO  o.s.b.t.c.SpringBootTestContextBootstrapper - Using TestExecutionListeners: [org.springframework.test.context.web.ServletTestExecutionListener@46a145ba, org.springframework.test.context.support.DirtiesContextBeforeModesTestExecutionListener@7ab34619, org.springframework.test.context.event.ApplicationEventsTestExecutionListener@ae2db25, org.springframework.boot.test.mock.mockito.MockitoTestExecutionListener@363c4251, org.springframework.boot.test.autoconfigure.SpringBootDependencyInjectionTestExecutionListener@7afc4db9, org.springframework.test.context.support.DirtiesContextTestExecutionListener@1a1f5f71, org.springframework.test.context.event.EventPublishingTestExecutionListener@63884e4, org.springframework.boot.test.autoconfigure.restdocs.RestDocsTestExecutionListener@524270b8, org.springframework.boot.test.autoconfigure.web.client.MockRestServiceServerResetTestExecutionListener@4acb7ecc, org.springframework.boot.test.autoconfigure.web.servlet.MockMvcPrintOnlyOnFailureTestExecutionListener@2a4f5433, org.springframework.boot.test.autoconfigure.web.servlet.WebDriverTestExecutionListener@6812fa3a, org.springframework.boot.test.autoconfigure.webservices.client.MockWebServiceServerTestExecutionListener@29149030, org.springframework.boot.test.mock.mockito.ResetMocksTestExecutionListener@38b8b6c0]
2023-11-25 19:22:16,219 [Test worker] INFO  l.j.t.i.r.TravelCalculatePremiumControllerTest - Starting TravelCalculatePremiumControllerTest using Java 18.0.2 on WIN-6V3MTR2VJA7 with PID 21672 (started by Eugene in C:\Java Projects\JavaInternship\bsu-java-internship-2023\student_kroshinsky_eugene)
2023-11-25 19:22:16,220 [Test worker] INFO  l.j.t.i.r.TravelCalculatePremiumControllerTest - No active profile set, falling back to 1 default profile: "default"
2023-11-25 19:22:17,252 [Test worker] INFO  o.s.b.t.m.w.SpringBootMockServletContext - Initializing Spring TestDispatcherServlet ''
2023-11-25 19:22:17,253 [Test worker] INFO  o.s.t.w.s.TestDispatcherServlet - Initializing Servlet ''
2023-11-25 19:22:17,255 [Test worker] INFO  o.s.t.w.s.TestDispatcherServlet - Completed initialization in 2 ms
2023-11-25 19:22:17,276 [Test worker] INFO  l.j.t.i.r.TravelCalculatePremiumControllerTest - Started TravelCalculatePremiumControllerTest in 1.207 seconds (JVM running for 2.707)
2023-11-25 19:22:17,393 [Test worker] INFO  l.j.t.i.r.l.TravelCalculatePremiumRequestLogger - REQUEST: {"personFirstName":"Vasja","personLastName":null,"agreementDateFrom":"2024-05-25","agreementDateTo":"2024-05-29"}
2023-11-25 19:22:17,399 [Test worker] INFO  l.j.t.i.r.l.TravelCalculatePremiumResponseLogger - RESPONSE: {"errors":[{"field":"personLastName","message":"Must not be empty!"}],"personFirstName":null,"personLastName":null,"agreementDateFrom":null,"agreementDateTo":null,"agreementPrice":null}
2023-11-25 19:22:17,400 [Test worker] INFO  l.j.t.i.r.l.TravelCalculatePremiumRequestExecutionTimeLogger - Request processing time (ms): 19
2023-11-25 19:22:17,423 [Test worker] INFO  l.j.t.i.r.l.TravelCalculatePremiumRequestLogger - REQUEST: {"personFirstName":"","personLastName":"Pupkin","agreementDateFrom":"2024-05-25","agreementDateTo":"2024-05-29"}
2023-11-25 19:22:17,423 [Test worker] INFO  l.j.t.i.r.l.TravelCalculatePremiumResponseLogger - RESPONSE: {"errors":[{"field":"personFirstName","message":"Must not be empty!"}],"personFirstName":null,"personLastName":null,"agreementDateFrom":null,"agreementDateTo":null,"agreementPrice":null}
2023-11-25 19:22:17,423 [Test worker] INFO  l.j.t.i.r.l.TravelCalculatePremiumRequestExecutionTimeLogger - Request processing time (ms): 2
2023-11-25 19:22:17,433 [Test worker] INFO  l.j.t.i.r.l.TravelCalculatePremiumRequestLogger - REQUEST: {"personFirstName":"Vasja","personLastName":"Pupkin","agreementDateFrom":"2024-05-25","agreementDateTo":null}
2023-11-25 19:22:17,434 [Test worker] INFO  l.j.t.i.r.l.TravelCalculatePremiumResponseLogger - RESPONSE: {"errors":[{"field":"agreementDateTo","message":"Must not be empty!"}],"personFirstName":null,"personLastName":null,"agreementDateFrom":null,"agreementDateTo":null,"agreementPrice":null}
2023-11-25 19:22:17,434 [Test worker] INFO  l.j.t.i.r.l.TravelCalculatePremiumRequestExecutionTimeLogger - Request processing time (ms): 2
2023-11-25 19:22:17,442 [Test worker] INFO  l.j.t.i.r.l.TravelCalculatePremiumRequestLogger - REQUEST: {"personFirstName":"Vasja","personLastName":"Pupkin","agreementDateFrom":null,"agreementDateTo":"2024-05-29"}
2023-11-25 19:22:17,443 [Test worker] INFO  l.j.t.i.r.l.TravelCalculatePremiumResponseLogger - RESPONSE: {"errors":[{"field":"agreementDateFrom","message":"Must not be empty!"}],"personFirstName":null,"personLastName":null,"agreementDateFrom":null,"agreementDateTo":null,"agreementPrice":null}
2023-11-25 19:22:17,443 [Test worker] INFO  l.j.t.i.r.l.TravelCalculatePremiumRequestExecutionTimeLogger - Request processing time (ms): 2
2023-11-25 19:22:17,451 [Test worker] INFO  l.j.t.i.r.l.TravelCalculatePremiumRequestLogger - REQUEST: {"personFirstName":null,"personLastName":"Pupkin","agreementDateFrom":"2024-05-25","agreementDateTo":"2024-05-29"}
2023-11-25 19:22:17,454 [Test worker] INFO  l.j.t.i.r.l.TravelCalculatePremiumResponseLogger - RESPONSE: {"errors":[{"field":"personFirstName","message":"Must not be empty!"}],"personFirstName":null,"personLastName":null,"agreementDateFrom":null,"agreementDateTo":null,"agreementPrice":null}
2023-11-25 19:22:17,454 [Test worker] INFO  l.j.t.i.r.l.TravelCalculatePremiumRequestExecutionTimeLogger - Request processing time (ms): 3
2023-11-25 19:22:17,462 [Test worker] INFO  l.j.t.i.r.l.TravelCalculatePremiumRequestLogger - REQUEST: {"personFirstName":"Vasja","personLastName":"Pupkin","agreementDateFrom":"2024-05-25","agreementDateTo":"2024-05-20"}
2023-11-25 19:22:17,463 [Test worker] INFO  l.j.t.i.r.l.TravelCalculatePremiumResponseLogger - RESPONSE: {"errors":[{"field":"agreementDateDifference","message":"DateTo must be greater than DateFrom"}],"personFirstName":null,"personLastName":null,"agreementDateFrom":null,"agreementDateTo":null,"agreementPrice":null}
2023-11-25 19:22:17,464 [Test worker] INFO  l.j.t.i.r.l.TravelCalculatePremiumRequestExecutionTimeLogger - Request processing time (ms): 1
2023-11-25 19:22:17,470 [Test worker] INFO  l.j.t.i.r.l.TravelCalculatePremiumRequestLogger - REQUEST: {"personFirstName":"Vasja","personLastName":"Pupkin","agreementDateFrom":"2024-05-25","agreementDateTo":"2024-05-29"}
2023-11-25 19:22:17,476 [Test worker] INFO  l.j.t.i.r.l.TravelCalculatePremiumResponseLogger - RESPONSE: {"errors":null,"personFirstName":"Vasja","personLastName":"Pupkin","agreementDateFrom":"2024-05-25","agreementDateTo":"2024-05-29","agreementPrice":4}
2023-11-25 19:22:17,476 [Test worker] INFO  l.j.t.i.r.l.TravelCalculatePremiumRequestExecutionTimeLogger - Request processing time (ms): 6
2023-11-25 19:22:17,487 [Test worker] INFO  l.j.t.i.r.l.TravelCalculatePremiumRequestLogger - REQUEST: {"personFirstName":"Vasja","personLastName":"","agreementDateFrom":"2024-05-25","agreementDateTo":"2024-05-29"}
2023-11-25 19:22:17,489 [Test worker] INFO  l.j.t.i.r.l.TravelCalculatePremiumResponseLogger - RESPONSE: {"errors":[{"field":"personLastName","message":"Must not be empty!"}],"personFirstName":null,"personLastName":null,"agreementDateFrom":null,"agreementDateTo":null,"agreementPrice":null}
2023-11-25 19:22:17,489 [Test worker] INFO  l.j.t.i.r.l.TravelCalculatePremiumRequestExecutionTimeLogger - Request processing time (ms): 2
